seed 0
size 100
baseAddr 1000
headerSize 0
alignment -1
policy FIRST
listOrder ADDRSORT
coalesce True
numOps 100
range 10
percentAlloc 50
allocList 
compute True

ptr[0] = Alloc(3) returned 1000 (searched 1 elements)
Free List [ Size 1 ]: [ addr:1003 sz:97 ]

Free(ptr[0])
returned 0
Free List [ Size 1 ]: [ addr:1000 sz:100 ]

ptr[1] = Alloc(5) returned 1000 (searched 1 elements)
Free List [ Size 1 ]: [ addr:1005 sz:95 ]

Free(ptr[1])
returned 0
Free List [ Size 1 ]: [ addr:1000 sz:100 ]

ptr[2] = Alloc(8) returned 1000 (searched 1 elements)
Free List [ Size 1 ]: [ addr:1008 sz:92 ]

Free(ptr[2])
returned 0
Free List [ Size 1 ]: [ addr:1000 sz:100 ]

ptr[3] = Alloc(8) returned 1000 (searched 1 elements)
Free List [ Size 1 ]: [ addr:1008 sz:92 ]

Free(ptr[3])
returned 0
Free List [ Size 1 ]: [ addr:1000 sz:100 ]

ptr[4] = Alloc(2) returned 1000 (searched 1 elements)
Free List [ Size 1 ]: [ addr:1002 sz:98 ]

ptr[5] = Alloc(7) returned 1002 (searched 1 elements)
Free List [ Size 1 ]: [ addr:1009 sz:91 ]

Free(ptr[5])
returned 0
Free List [ Size 1 ]: [ addr:1002 sz:98 ]

ptr[6] = Alloc(9) returned 1002 (searched 1 elements)
Free List [ Size 1 ]: [ addr:1011 sz:89 ]

ptr[7] = Alloc(9) returned 1011 (searched 1 elements)
Free List [ Size 1 ]: [ addr:1020 sz:80 ]

Free(ptr[4])
returned 0
Free List [ Size 2 ]: [ addr:1000 sz:2 ][ addr:1020 sz:80 ]

Free(ptr[6])
returned 0
Free List [ Size 2 ]: [ addr:1000 sz:11 ][ addr:1020 sz:80 ]

Free(ptr[7])
returned 0
Free List [ Size 1 ]: [ addr:1000 sz:100 ]

ptr[8] = Alloc(5) returned 1000 (searched 1 elements)
Free List [ Size 1 ]: [ addr:1005 sz:95 ]

Free(ptr[8])
returned 0
Free List [ Size 1 ]: [ addr:1000 sz:100 ]

ptr[9] = Alloc(9) returned 1000 (searched 1 elements)
Free List [ Size 1 ]: [ addr:1009 sz:91 ]

ptr[10] = Alloc(6) returned 1009 (searched 1 elements)
Free List [ Size 1 ]: [ addr:1015 sz:85 ]

ptr[11] = Alloc(10) returned 1015 (searched 1 elements)
Free List [ Size 1 ]: [ addr:1025 sz:75 ]

Free(ptr[10])
returned 0
Free List [ Size 2 ]: [ addr:1009 sz:6 ][ addr:1025 sz:75 ]

ptr[12] = Alloc(4) returned 1009 (searched 1 elements)
Free List [ Size 2 ]: [ addr:1013 sz:2 ][ addr:1025 sz:75 ]

Free(ptr[12])
returned 0
Free List [ Size 2 ]: [ addr:1009 sz:6 ][ addr:1025 sz:75 ]

ptr[13] = Alloc(6) returned 1009 (searched 1 elements)
Free List [ Size 1 ]: [ addr:1025 sz:75 ]

Free(ptr[11])
returned 0
Free List [ Size 1 ]: [ addr:1015 sz:85 ]

Free(ptr[13])
returned 0
Free List [ Size 1 ]: [ addr:1009 sz:91 ]

Free(ptr[9])
returned 0
Free List [ Size 1 ]: [ addr:1000 sz:100 ]

ptr[14] = Alloc(6) returned 1000 (searched 1 elements)
Free List [ Size 1 ]: [ addr:1006 sz:94 ]

ptr[15] = Alloc(6) returned 1006 (searched 1 elements)
Free List [ Size 1 ]: [ addr:1012 sz:88 ]

ptr[16] = Alloc(2) returned 1012 (searched 1 elements)
Free List [ Size 1 ]: [ addr:1014 sz:86 ]

ptr[17] = Alloc(7) returned 1014 (searched 1 elements)
Free List [ Size 1 ]: [ addr:1021 sz:79 ]

Free(ptr[15])
returned 0
Free List [ Size 2 ]: [ addr:1006 sz:6 ][ addr:1021 sz:79 ]

ptr[18] = Alloc(8) returned 1021 (searched 2 elements)
Free List [ Size 2 ]: [ addr:1006 sz:6 ][ addr:1029 sz:71 ]

Free(ptr[18])
returned 0
Free List [ Size 2 ]: [ addr:1006 sz:6 ][ addr:1021 sz:79 ]

Free(ptr[17])
returned 0
Free List [ Size 2 ]: [ addr:1006 sz:6 ][ addr:1014 sz:86 ]

Free(ptr[16])
returned 0
Free List [ Size 1 ]: [ addr:1006 sz:94 ]

ptr[19] = Alloc(8) returned 1006 (searched 1 elements)
Free List [ Size 1 ]: [ addr:1014 sz:86 ]

ptr[20] = Alloc(9) returned 1014 (searched 1 elements)
Free List [ Size 1 ]: [ addr:1023 sz:77 ]

Free(ptr[20])
returned 0
Free List [ Size 1 ]: [ addr:1014 sz:86 ]

Free(ptr[19])
returned 0
Free List [ Size 1 ]: [ addr:1006 sz:94 ]

Free(ptr[14])
returned 0
Free List [ Size 1 ]: [ addr:1000 sz:100 ]

ptr[21] = Alloc(7) returned 1000 (searched 1 elements)
Free List [ Size 1 ]: [ addr:1007 sz:93 ]

ptr[22] = Alloc(7) returned 1007 (searched 1 elements)
Free List [ Size 1 ]: [ addr:1014 sz:86 ]

Free(ptr[21])
returned 0
Free List [ Size 2 ]: [ addr:1000 sz:7 ][ addr:1014 sz:86 ]

Free(ptr[22])
returned 0
Free List [ Size 1 ]: [ addr:1000 sz:100 ]

ptr[23] = Alloc(8) returned 1000 (searched 1 elements)
Free List [ Size 1 ]: [ addr:1008 sz:92 ]

ptr[24] = Alloc(9) returned 1008 (searched 1 elements)
Free List [ Size 1 ]: [ addr:1017 sz:83 ]

ptr[25] = Alloc(2) returned 1017 (searched 1 elements)
Free List [ Size 1 ]: [ addr:1019 sz:81 ]

Free(ptr[23])
returned 0
Free List [ Size 2 ]: [ addr:1000 sz:8 ][ addr:1019 sz:81 ]

Free(ptr[25])
returned 0
Free List [ Size 2 ]: [ addr:1000 sz:8 ][ addr:1017 sz:83 ]

Free(ptr[24])
returned 0
Free List [ Size 1 ]: [ addr:1000 sz:100 ]

ptr[26] = Alloc(7) returned 1000 (searched 1 elements)
Free List [ Size 1 ]: [ addr:1007 sz:93 ]

Free(ptr[26])
returned 0
Free List [ Size 1 ]: [ addr:1000 sz:100 ]

ptr[27] = Alloc(4) returned 1000 (searched 1 elements)
Free List [ Size 1 ]: [ addr:1004 sz:96 ]

Free(ptr[27])
returned 0
Free List [ Size 1 ]: [ addr:1000 sz:100 ]

ptr[28] = Alloc(10) returned 1000 (searched 1 elements)
Free List [ Size 1 ]: [ addr:1010 sz:90 ]

ptr[29] = Alloc(2) returned 1010 (searched 1 elements)
Free List [ Size 1 ]: [ addr:1012 sz:88 ]

ptr[30] = Alloc(9) returned 1012 (searched 1 elements)
Free List [ Size 1 ]: [ addr:1021 sz:79 ]

Free(ptr[28])
returned 0
Free List [ Size 2 ]: [ addr:1000 sz:10 ][ addr:1021 sz:79 ]

ptr[31] = Alloc(2) returned 1000 (searched 1 elements)
Free List [ Size 2 ]: [ addr:1002 sz:8 ][ addr:1021 sz:79 ]

ptr[32] = Alloc(3) returned 1002 (searched 1 elements)
Free List [ Size 2 ]: [ addr:1005 sz:5 ][ addr:1021 sz:79 ]

Free(ptr[30])
returned 0
Free List [ Size 2 ]: [ addr:1005 sz:5 ][ addr:1012 sz:88 ]

ptr[33] = Alloc(6) returned 1012 (searched 2 elements)
Free List [ Size 2 ]: [ addr:1005 sz:5 ][ addr:1018 sz:82 ]

ptr[34] = Alloc(2) returned 1005 (searched 1 elements)
Free List [ Size 2 ]: [ addr:1007 sz:3 ][ addr:1018 sz:82 ]

Free(ptr[29])
returned 0
Free List [ Size 2 ]: [ addr:1007 sz:5 ][ addr:1018 sz:82 ]

ptr[35] = Alloc(8) returned 1018 (searched 2 elements)
Free List [ Size 2 ]: [ addr:1007 sz:5 ][ addr:1026 sz:74 ]

Free(ptr[35])
returned 0
Free List [ Size 2 ]: [ addr:1007 sz:5 ][ addr:1018 sz:82 ]

ptr[36] = Alloc(7) returned 1018 (searched 2 elements)
Free List [ Size 2 ]: [ addr:1007 sz:5 ][ addr:1025 sz:75 ]

Free(ptr[31])
returned 0
Free List [ Size 3 ]: [ addr:1000 sz:2 ][ addr:1007 sz:5 ][ addr:1025 sz:75 ]

Free(ptr[36])
returned 0
Free List [ Size 3 ]: [ addr:1000 sz:2 ][ addr:1007 sz:5 ][ addr:1018 sz:82 ]

ptr[37] = Alloc(3) returned 1007 (searched 2 elements)
Free List [ Size 3 ]: [ addr:1000 sz:2 ][ addr:1010 sz:2 ][ addr:1018 sz:82 ]

Free(ptr[33])
returned 0
Free List [ Size 2 ]: [ addr:1000 sz:2 ][ addr:1010 sz:90 ]

ptr[38] = Alloc(5) returned 1010 (searched 2 elements)
Free List [ Size 2 ]: [ addr:1000 sz:2 ][ addr:1015 sz:85 ]

ptr[39] = Alloc(6) returned 1015 (searched 2 elements)
Free List [ Size 2 ]: [ addr:1000 sz:2 ][ addr:1021 sz:79 ]

Free(ptr[34])
returned 0
Free List [ Size 3 ]: [ addr:1000 sz:2 ][ addr:1005 sz:2 ][ addr:1021 sz:79 ]

ptr[40] = Alloc(9) returned 1021 (searched 3 elements)
Free List [ Size 3 ]: [ addr:1000 sz:2 ][ addr:1005 sz:2 ][ addr:1030 sz:70 ]

ptr[41] = Alloc(6) returned 1030 (searched 3 elements)
Free List [ Size 3 ]: [ addr:1000 sz:2 ][ addr:1005 sz:2 ][ addr:1036 sz:64 ]

ptr[42] = Alloc(8) returned 1036 (searched 3 elements)
Free List [ Size 3 ]: [ addr:1000 sz:2 ][ addr:1005 sz:2 ][ addr:1044 sz:56 ]

ptr[43] = Alloc(1) returned 1000 (searched 1 elements)
Free List [ Size 3 ]: [ addr:1001 sz:1 ][ addr:1005 sz:2 ][ addr:1044 sz:56 ]

ptr[44] = Alloc(3) returned 1044 (searched 3 elements)
Free List [ Size 3 ]: [ addr:1001 sz:1 ][ addr:1005 sz:2 ][ addr:1047 sz:53 ]

Free(ptr[39])
returned 0
Free List [ Size 4 ]: [ addr:1001 sz:1 ][ addr:1005 sz:2 ][ addr:1015 sz:6 ][ addr:1047 sz:53 ]

ptr[45] = Alloc(4) returned 1015 (searched 3 elements)
Free List [ Size 4 ]: [ addr:1001 sz:1 ][ addr:1005 sz:2 ][ addr:1019 sz:2 ][ addr:1047 sz:53 ]

Free(ptr[42])
returned 0
Free List [ Size 5 ]: [ addr:1001 sz:1 ][ addr:1005 sz:2 ][ addr:1019 sz:2 ][ addr:1036 sz:8 ][ addr:1047 sz:53 ]

Free(ptr[43])
returned 0
Free List [ Size 5 ]: [ addr:1000 sz:2 ][ addr:1005 sz:2 ][ addr:1019 sz:2 ][ addr:1036 sz:8 ][ addr:1047 sz:53 ]

ptr[46] = Alloc(5) returned 1036 (searched 4 elements)
Free List [ Size 5 ]: [ addr:1000 sz:2 ][ addr:1005 sz:2 ][ addr:1019 sz:2 ][ addr:1041 sz:3 ][ addr:1047 sz:53 ]

Free(ptr[32])
returned 0
Free List [ Size 4 ]: [ addr:1000 sz:7 ][ addr:1019 sz:2 ][ addr:1041 sz:3 ][ addr:1047 sz:53 ]

ptr[47] = Alloc(4) returned 1000 (searched 1 elements)
Free List [ Size 4 ]: [ addr:1004 sz:3 ][ addr:1019 sz:2 ][ addr:1041 sz:3 ][ addr:1047 sz:53 ]

ptr[48] = Alloc(7) returned 1047 (searched 4 elements)
Free List [ Size 4 ]: [ addr:1004 sz:3 ][ addr:1019 sz:2 ][ addr:1041 sz:3 ][ addr:1054 sz:46 ]

ptr[49] = Alloc(9) returned 1054 (searched 4 elements)
Free List [ Size 4 ]: [ addr:1004 sz:3 ][ addr:1019 sz:2 ][ addr:1041 sz:3 ][ addr:1063 sz:37 ]

Free(ptr[44])
returned 0
Free List [ Size 4 ]: [ addr:1004 sz:3 ][ addr:1019 sz:2 ][ addr:1041 sz:6 ][ addr:1063 sz:37 ]

ptr[50] = Alloc(8) returned 1063 (searched 4 elements)
Free List [ Size 4 ]: [ addr:1004 sz:3 ][ addr:1019 sz:2 ][ addr:1041 sz:6 ][ addr:1071 sz:29 ]

ptr[51] = Alloc(7) returned 1071 (searched 4 elements)
Free List [ Size 4 ]: [ addr:1004 sz:3 ][ addr:1019 sz:2 ][ addr:1041 sz:6 ][ addr:1078 sz:22 ]

ptr[52] = Alloc(5) returned 1041 (searched 3 elements)
Free List [ Size 4 ]: [ addr:1004 sz:3 ][ addr:1019 sz:2 ][ addr:1046 sz:1 ][ addr:1078 sz:22 ]

ptr[53] = Alloc(2) returned 1004 (searched 1 elements)
Free List [ Size 4 ]: [ addr:1006 sz:1 ][ addr:1019 sz:2 ][ addr:1046 sz:1 ][ addr:1078 sz:22 ]

Free(ptr[47])
returned 0
Free List [ Size 5 ]: [ addr:1000 sz:4 ][ addr:1006 sz:1 ][ addr:1019 sz:2 ][ addr:1046 sz:1 ][ addr:1078 sz:22 ]

Free(ptr[51])
returned 0
Free List [ Size 5 ]: [ addr:1000 sz:4 ][ addr:1006 sz:1 ][ addr:1019 sz:2 ][ addr:1046 sz:1 ][ addr:1071 sz:29 ]

Free(ptr[46])
returned 0
Free List [ Size 6 ]: [ addr:1000 sz:4 ][ addr:1006 sz:1 ][ addr:1019 sz:2 ][ addr:1036 sz:5 ][ addr:1046 sz:1 ][ addr:1071 sz:29 ]

ptr[54] = Alloc(5) returned 1036 (searched 4 elements)
Free List [ Size 5 ]: [ addr:1000 sz:4 ][ addr:1006 sz:1 ][ addr:1019 sz:2 ][ addr:1046 sz:1 ][ addr:1071 sz:29 ]

Free(ptr[53])
returned 0
Free List [ Size 4 ]: [ addr:1000 sz:7 ][ addr:1019 sz:2 ][ addr:1046 sz:1 ][ addr:1071 sz:29 ]

